[0.166s] DEBUG:colcon:Command line arguments: ['/usr/bin/colcon', 'build', '--cmake-args', '-DCMAKE_BUILD_TYPE=Release']
[0.166s] DEBUG:colcon:Parsed command line arguments: Namespace(ament_cmake_args=None, base_paths=['.'], build_base='build', catkin_cmake_args=None, catkin_skip_building_tests=False, cmake_args=['-DCMAKE_BUILD_TYPE=Release'], cmake_clean_cache=False, cmake_clean_first=False, cmake_force_configure=False, cmake_target=None, cmake_target_skip_unavailable=False, continue_on_error=False, event_handlers=None, executor='parallel', ignore_user_meta=False, install_base='install', log_base=None, log_level=None, main=<bound method BuildVerb.main of <colcon_core.verb.build.BuildVerb object at 0x7ff9fabac320>>, merge_install=False, metas=['./colcon.meta'], packages_above=None, packages_above_and_dependencies=None, packages_above_depth=None, packages_end=None, packages_ignore=None, packages_ignore_regex=None, packages_select=None, packages_select_build_failed=False, packages_select_by_dep=None, packages_select_regex=None, packages_select_test_failures=False, packages_skip=None, packages_skip_build_finished=False, packages_skip_by_dep=None, packages_skip_regex=None, packages_skip_test_passed=False, packages_skip_up_to=None, packages_start=None, packages_up_to=None, packages_up_to_regex=None, parallel_workers=12, paths=None, symlink_install=False, test_result_base=None, verb_extension=<colcon_core.verb.build.BuildVerb object at 0x7ff9fabac320>, verb_name='build', verb_parser=<colcon_defaults.argument_parser.defaults.DefaultArgumentsDecorator object at 0x7ff9fabac6d8>)
[0.172s] Level 1:colcon.colcon_core.package_discovery:discover_packages(colcon_meta) check parameters
[0.172s] Level 1:colcon.colcon_core.package_discovery:discover_packages(recursive) check parameters
[0.172s] Level 1:colcon.colcon_core.package_discovery:discover_packages(ignore) check parameters
[0.172s] Level 1:colcon.colcon_core.package_discovery:discover_packages(path) check parameters
[0.172s] Level 1:colcon.colcon_core.package_discovery:discover_packages(colcon_meta) discover
[0.172s] Level 1:colcon.colcon_core.package_discovery:discover_packages(recursive) discover
[0.172s] INFO:colcon.colcon_core.package_discovery:Crawling recursively for packages in '/home/skleff/force-feedback'
[0.172s] Level 1:colcon.colcon_core.package_identification:_identify(.) by extensions ['ignore', 'ignore_ament_install']
[0.172s] Level 1:colcon.colcon_core.package_identification:_identify(.) by extension 'ignore'
[0.172s] Level 1:colcon.colcon_core.package_identification:_identify(.) by extension 'ignore_ament_install'
[0.172s] Level 1:colcon.colcon_core.package_identification:_identify(.) by extensions ['colcon_pkg']
[0.172s] Level 1:colcon.colcon_core.package_identification:_identify(.) by extension 'colcon_pkg'
[0.172s] Level 1:colcon.colcon_core.package_identification:_identify(.) by extensions ['colcon_meta']
[0.172s] Level 1:colcon.colcon_core.package_identification:_identify(.) by extension 'colcon_meta'
[0.173s] Level 1:colcon.colcon_core.package_identification:_identify(.) by extensions ['ros']
[0.173s] Level 1:colcon.colcon_core.package_identification:_identify(.) by extension 'ros'
[0.184s] Level 1:colcon.colcon_core.package_identification:_identify(.) by extensions ['cmake', 'python']
[0.184s] Level 1:colcon.colcon_core.package_identification:_identify(.) by extension 'cmake'
[0.184s] Level 1:colcon.colcon_core.package_identification:_identify(.) by extension 'python'
[0.184s] Level 1:colcon.colcon_core.package_identification:_identify(.) by extensions ['python_setup_py']
[0.184s] Level 1:colcon.colcon_core.package_identification:_identify(.) by extension 'python_setup_py'
[0.184s] Level 1:colcon.colcon_core.package_identification:_identify(__pycache__) by extensions ['ignore', 'ignore_ament_install']
[0.184s] Level 1:colcon.colcon_core.package_identification:_identify(__pycache__) by extension 'ignore'
[0.184s] Level 1:colcon.colcon_core.package_identification:_identify(__pycache__) by extension 'ignore_ament_install'
[0.184s] Level 1:colcon.colcon_core.package_identification:_identify(__pycache__) by extensions ['colcon_pkg']
[0.184s] Level 1:colcon.colcon_core.package_identification:_identify(__pycache__) by extension 'colcon_pkg'
[0.184s] Level 1:colcon.colcon_core.package_identification:_identify(__pycache__) by extensions ['colcon_meta']
[0.184s] Level 1:colcon.colcon_core.package_identification:_identify(__pycache__) by extension 'colcon_meta'
[0.184s] Level 1:colcon.colcon_core.package_identification:_identify(__pycache__) by extensions ['ros']
[0.184s] Level 1:colcon.colcon_core.package_identification:_identify(__pycache__) by extension 'ros'
[0.185s] Level 1:colcon.colcon_core.package_identification:_identify(__pycache__) by extensions ['cmake', 'python']
[0.185s] Level 1:colcon.colcon_core.package_identification:_identify(__pycache__) by extension 'cmake'
[0.185s] Level 1:colcon.colcon_core.package_identification:_identify(__pycache__) by extension 'python'
[0.185s] Level 1:colcon.colcon_core.package_identification:_identify(__pycache__) by extensions ['python_setup_py']
[0.185s] Level 1:colcon.colcon_core.package_identification:_identify(__pycache__) by extension 'python_setup_py'
[0.185s] Level 1:colcon.colcon_core.package_identification:_identify(build) by extensions ['ignore', 'ignore_ament_install']
[0.185s] Level 1:colcon.colcon_core.package_identification:_identify(build) by extension 'ignore'
[0.185s] Level 1:colcon.colcon_core.package_identification:_identify(build) ignored
[0.185s] Level 1:colcon.colcon_core.package_identification:_identify(core) by extensions ['ignore', 'ignore_ament_install']
[0.185s] Level 1:colcon.colcon_core.package_identification:_identify(core) by extension 'ignore'
[0.185s] Level 1:colcon.colcon_core.package_identification:_identify(core) by extension 'ignore_ament_install'
[0.186s] Level 1:colcon.colcon_core.package_identification:_identify(core) by extensions ['colcon_pkg']
[0.186s] Level 1:colcon.colcon_core.package_identification:_identify(core) by extension 'colcon_pkg'
[0.186s] Level 1:colcon.colcon_core.package_identification:_identify(core) by extensions ['colcon_meta']
[0.186s] Level 1:colcon.colcon_core.package_identification:_identify(core) by extension 'colcon_meta'
[0.186s] Level 1:colcon.colcon_core.package_identification:_identify(core) by extensions ['ros']
[0.186s] Level 1:colcon.colcon_core.package_identification:_identify(core) by extension 'ros'
[0.186s] Level 1:colcon.colcon_core.package_identification:_identify(core) by extensions ['cmake', 'python']
[0.186s] Level 1:colcon.colcon_core.package_identification:_identify(core) by extension 'cmake'
[0.186s] Level 1:colcon.colcon_core.package_identification:_identify(core) by extension 'python'
[0.186s] Level 1:colcon.colcon_core.package_identification:_identify(core) by extensions ['python_setup_py']
[0.186s] Level 1:colcon.colcon_core.package_identification:_identify(core) by extension 'python_setup_py'
[0.186s] Level 1:colcon.colcon_core.package_identification:_identify(core/__pycache__) by extensions ['ignore', 'ignore_ament_install']
[0.186s] Level 1:colcon.colcon_core.package_identification:_identify(core/__pycache__) by extension 'ignore'
[0.186s] Level 1:colcon.colcon_core.package_identification:_identify(core/__pycache__) by extension 'ignore_ament_install'
[0.186s] Level 1:colcon.colcon_core.package_identification:_identify(core/__pycache__) by extensions ['colcon_pkg']
[0.186s] Level 1:colcon.colcon_core.package_identification:_identify(core/__pycache__) by extension 'colcon_pkg'
[0.186s] Level 1:colcon.colcon_core.package_identification:_identify(core/__pycache__) by extensions ['colcon_meta']
[0.186s] Level 1:colcon.colcon_core.package_identification:_identify(core/__pycache__) by extension 'colcon_meta'
[0.186s] Level 1:colcon.colcon_core.package_identification:_identify(core/__pycache__) by extensions ['ros']
[0.187s] Level 1:colcon.colcon_core.package_identification:_identify(core/__pycache__) by extension 'ros'
[0.187s] Level 1:colcon.colcon_core.package_identification:_identify(core/__pycache__) by extensions ['cmake', 'python']
[0.187s] Level 1:colcon.colcon_core.package_identification:_identify(core/__pycache__) by extension 'cmake'
[0.187s] Level 1:colcon.colcon_core.package_identification:_identify(core/__pycache__) by extension 'python'
[0.187s] Level 1:colcon.colcon_core.package_identification:_identify(core/__pycache__) by extensions ['python_setup_py']
[0.187s] Level 1:colcon.colcon_core.package_identification:_identify(core/__pycache__) by extension 'python_setup_py'
[0.187s] Level 1:colcon.colcon_core.package_identification:_identify(demos) by extensions ['ignore', 'ignore_ament_install']
[0.187s] Level 1:colcon.colcon_core.package_identification:_identify(demos) by extension 'ignore'
[0.187s] Level 1:colcon.colcon_core.package_identification:_identify(demos) by extension 'ignore_ament_install'
[0.187s] Level 1:colcon.colcon_core.package_identification:_identify(demos) by extensions ['colcon_pkg']
[0.187s] Level 1:colcon.colcon_core.package_identification:_identify(demos) by extension 'colcon_pkg'
[0.187s] Level 1:colcon.colcon_core.package_identification:_identify(demos) by extensions ['colcon_meta']
[0.187s] Level 1:colcon.colcon_core.package_identification:_identify(demos) by extension 'colcon_meta'
[0.187s] Level 1:colcon.colcon_core.package_identification:_identify(demos) by extensions ['ros']
[0.187s] Level 1:colcon.colcon_core.package_identification:_identify(demos) by extension 'ros'
[0.187s] Level 1:colcon.colcon_core.package_identification:_identify(demos) by extensions ['cmake', 'python']
[0.187s] Level 1:colcon.colcon_core.package_identification:_identify(demos) by extension 'cmake'
[0.187s] Level 1:colcon.colcon_core.package_identification:_identify(demos) by extension 'python'
[0.188s] Level 1:colcon.colcon_core.package_identification:_identify(demos) by extensions ['python_setup_py']
[0.188s] Level 1:colcon.colcon_core.package_identification:_identify(demos) by extension 'python_setup_py'
[0.188s] Level 1:colcon.colcon_core.package_identification:_identify(demos/config) by extensions ['ignore', 'ignore_ament_install']
[0.188s] Level 1:colcon.colcon_core.package_identification:_identify(demos/config) by extension 'ignore'
[0.188s] Level 1:colcon.colcon_core.package_identification:_identify(demos/config) by extension 'ignore_ament_install'
[0.188s] Level 1:colcon.colcon_core.package_identification:_identify(demos/config) by extensions ['colcon_pkg']
[0.188s] Level 1:colcon.colcon_core.package_identification:_identify(demos/config) by extension 'colcon_pkg'
[0.188s] Level 1:colcon.colcon_core.package_identification:_identify(demos/config) by extensions ['colcon_meta']
[0.188s] Level 1:colcon.colcon_core.package_identification:_identify(demos/config) by extension 'colcon_meta'
[0.188s] Level 1:colcon.colcon_core.package_identification:_identify(demos/config) by extensions ['ros']
[0.188s] Level 1:colcon.colcon_core.package_identification:_identify(demos/config) by extension 'ros'
[0.188s] Level 1:colcon.colcon_core.package_identification:_identify(demos/config) by extensions ['cmake', 'python']
[0.188s] Level 1:colcon.colcon_core.package_identification:_identify(demos/config) by extension 'cmake'
[0.188s] Level 1:colcon.colcon_core.package_identification:_identify(demos/config) by extension 'python'
[0.188s] Level 1:colcon.colcon_core.package_identification:_identify(demos/config) by extensions ['python_setup_py']
[0.188s] Level 1:colcon.colcon_core.package_identification:_identify(demos/config) by extension 'python_setup_py'
[0.188s] Level 1:colcon.colcon_core.package_identification:_identify(install) by extensions ['ignore', 'ignore_ament_install']
[0.188s] Level 1:colcon.colcon_core.package_identification:_identify(install) by extension 'ignore'
[0.189s] Level 1:colcon.colcon_core.package_identification:_identify(install) ignored
[0.189s] Level 1:colcon.colcon_core.package_identification:_identify(log) by extensions ['ignore', 'ignore_ament_install']
[0.189s] Level 1:colcon.colcon_core.package_identification:_identify(log) by extension 'ignore'
[0.189s] Level 1:colcon.colcon_core.package_identification:_identify(log) ignored
[0.189s] Level 1:colcon.colcon_core.package_identification:_identify(models) by extensions ['ignore', 'ignore_ament_install']
[0.189s] Level 1:colcon.colcon_core.package_identification:_identify(models) by extension 'ignore'
[0.189s] Level 1:colcon.colcon_core.package_identification:_identify(models) by extension 'ignore_ament_install'
[0.189s] Level 1:colcon.colcon_core.package_identification:_identify(models) by extensions ['colcon_pkg']
[0.189s] Level 1:colcon.colcon_core.package_identification:_identify(models) by extension 'colcon_pkg'
[0.189s] Level 1:colcon.colcon_core.package_identification:_identify(models) by extensions ['colcon_meta']
[0.189s] Level 1:colcon.colcon_core.package_identification:_identify(models) by extension 'colcon_meta'
[0.189s] Level 1:colcon.colcon_core.package_identification:_identify(models) by extensions ['ros']
[0.189s] Level 1:colcon.colcon_core.package_identification:_identify(models) by extension 'ros'
[0.189s] Level 1:colcon.colcon_core.package_identification:_identify(models) by extensions ['cmake', 'python']
[0.189s] Level 1:colcon.colcon_core.package_identification:_identify(models) by extension 'cmake'
[0.189s] Level 1:colcon.colcon_core.package_identification:_identify(models) by extension 'python'
[0.189s] Level 1:colcon.colcon_core.package_identification:_identify(models) by extensions ['python_setup_py']
[0.189s] Level 1:colcon.colcon_core.package_identification:_identify(models) by extension 'python_setup_py'
[0.190s] Level 1:colcon.colcon_core.package_identification:_identify(models/__pycache__) by extensions ['ignore', 'ignore_ament_install']
[0.190s] Level 1:colcon.colcon_core.package_identification:_identify(models/__pycache__) by extension 'ignore'
[0.190s] Level 1:colcon.colcon_core.package_identification:_identify(models/__pycache__) by extension 'ignore_ament_install'
[0.190s] Level 1:colcon.colcon_core.package_identification:_identify(models/__pycache__) by extensions ['colcon_pkg']
[0.190s] Level 1:colcon.colcon_core.package_identification:_identify(models/__pycache__) by extension 'colcon_pkg'
[0.190s] Level 1:colcon.colcon_core.package_identification:_identify(models/__pycache__) by extensions ['colcon_meta']
[0.190s] Level 1:colcon.colcon_core.package_identification:_identify(models/__pycache__) by extension 'colcon_meta'
[0.190s] Level 1:colcon.colcon_core.package_identification:_identify(models/__pycache__) by extensions ['ros']
[0.190s] Level 1:colcon.colcon_core.package_identification:_identify(models/__pycache__) by extension 'ros'
[0.190s] Level 1:colcon.colcon_core.package_identification:_identify(models/__pycache__) by extensions ['cmake', 'python']
[0.190s] Level 1:colcon.colcon_core.package_identification:_identify(models/__pycache__) by extension 'cmake'
[0.190s] Level 1:colcon.colcon_core.package_identification:_identify(models/__pycache__) by extension 'python'
[0.190s] Level 1:colcon.colcon_core.package_identification:_identify(models/__pycache__) by extensions ['python_setup_py']
[0.190s] Level 1:colcon.colcon_core.package_identification:_identify(models/__pycache__) by extension 'python_setup_py'
[0.190s] Level 1:colcon.colcon_core.package_discovery:discover_packages(recursive) using defaults
[0.190s] Level 1:colcon.colcon_core.package_discovery:discover_packages(ignore) discover
[0.191s] Level 1:colcon.colcon_core.package_discovery:discover_packages(ignore) using defaults
[0.191s] Level 1:colcon.colcon_core.package_discovery:discover_packages(path) discover
[0.191s] Level 1:colcon.colcon_core.package_discovery:discover_packages(path) using defaults
[0.210s] INFO:colcon.colcon_core.executor:Executing jobs using 'parallel' executor
[0.212s] DEBUG:colcon.colcon_parallel_executor.executor.parallel:run_until_complete
[0.212s] DEBUG:colcon.colcon_parallel_executor.executor.parallel:closing loop
[0.212s] DEBUG:colcon.colcon_parallel_executor.executor.parallel:loop closed
[0.212s] DEBUG:colcon.colcon_parallel_executor.executor.parallel:run_until_complete finished with '0'
[0.212s] DEBUG:colcon.colcon_core.event_reactor:joining thread
[0.218s] INFO:colcon.colcon_core.plugin_system:Skipping extension 'colcon_notification.desktop_notification.terminal_notifier': Not used on non-Darwin systems
[0.218s] INFO:colcon.colcon_core.plugin_system:Skipping extension 'colcon_notification.desktop_notification.win32': Not used on non-Windows systems
[0.218s] INFO:colcon.colcon_notification.desktop_notification:Sending desktop notification using 'notify2'
[0.220s] DEBUG:colcon.colcon_core.event_reactor:joined thread
[0.232s] INFO:colcon.colcon_core.plugin_system:Skipping extension 'colcon_core.shell.bat': Not used on non-Windows systems
[0.232s] INFO:colcon.colcon_core.shell:Creating prefix script '/home/skleff/force-feedback/install/local_setup.ps1'
[0.233s] INFO:colcon.colcon_core.shell:Creating prefix util module '/home/skleff/force-feedback/install/_local_setup_util_ps1.py'
[0.235s] INFO:colcon.colcon_core.shell:Creating prefix chain script '/home/skleff/force-feedback/install/setup.ps1'
[0.238s] INFO:colcon.colcon_core.shell:Creating prefix script '/home/skleff/force-feedback/install/local_setup.sh'
[0.238s] INFO:colcon.colcon_core.shell:Creating prefix util module '/home/skleff/force-feedback/install/_local_setup_util_sh.py'
[0.239s] INFO:colcon.colcon_core.shell:Creating prefix chain script '/home/skleff/force-feedback/install/setup.sh'
[0.241s] INFO:colcon.colcon_core.shell:Creating prefix script '/home/skleff/force-feedback/install/local_setup.bash'
[0.242s] INFO:colcon.colcon_core.shell:Creating prefix chain script '/home/skleff/force-feedback/install/setup.bash'
[0.244s] INFO:colcon.colcon_core.shell:Creating prefix script '/home/skleff/force-feedback/install/local_setup.zsh'
[0.244s] INFO:colcon.colcon_core.shell:Creating prefix chain script '/home/skleff/force-feedback/install/setup.zsh'
